Determining if the pthread_create exist failed with the following output:
Change Dir: /home/chrisliu/ROS/vrep_ws/src/vrep_pkg/cmake-build-debug/CMakeFiles/CMakeTmp

Run Build Command(s):/usr/bin/make cmTC_39e27/fast 
/usr/bin/make -f CMakeFiles/cmTC_39e27.dir/build.make CMakeFiles/cmTC_39e27.dir/build
make[1]: Entering directory '/home/chrisliu/ROS/vrep_ws/src/vrep_pkg/cmake-build-debug/CMakeFiles/CMakeTmp'
Building C object CMakeFiles/cmTC_39e27.dir/CheckSymbolExists.c.o
/usr/bin/cc    -o CMakeFiles/cmTC_39e27.dir/CheckSymbolExists.c.o   -c /home/chrisliu/ROS/vrep_ws/src/vrep_pkg/cmake-build-debug/CMakeFiles/CMakeTmp/CheckSymbolExists.c
Linking C executable cmTC_39e27
/home/chrisliu/software/clion-2019.2.1/bin/cmake/linux/bin/cmake -E cmake_link_script CMakeFiles/cmTC_39e27.dir/link.txt --verbose=1
/usr/bin/cc      -rdynamic CMakeFiles/cmTC_39e27.dir/CheckSymbolExists.c.o  -o cmTC_39e27 
CMakeFiles/cmTC_39e27.dir/CheckSymbolExists.c.o：在函数‘main’中：
CheckSymbolExists.c:(.text+0x16)：对‘pthread_create’未定义的引用
collect2: error: ld returned 1 exit status
CMakeFiles/cmTC_39e27.dir/build.make:86: recipe for target 'cmTC_39e27' failed
make[1]: *** [cmTC_39e27] Error 1
make[1]: Leaving directory '/home/chrisliu/ROS/vrep_ws/src/vrep_pkg/cmake-build-debug/CMakeFiles/CMakeTmp'
Makefile:121: recipe for target 'cmTC_39e27/fast' failed
make: *** [cmTC_39e27/fast] Error 2

File /home/chrisliu/ROS/vrep_ws/src/vrep_pkg/cmake-build-debug/CMakeFiles/CMakeTmp/CheckSymbolExists.c:
/* */
#include <pthread.h>

int main(int argc, char** argv)
{
  (void)argv;
#ifndef pthread_create
  return ((int*)(&pthread_create))[argc];
#else
  (void)argc;
  return 0;
#endif
}

Determining if the function pthread_create exists in the pthreads failed with the following output:
Change Dir: /home/chrisliu/ROS/vrep_ws/src/vrep_pkg/cmake-build-debug/CMakeFiles/CMakeTmp

Run Build Command(s):/usr/bin/make cmTC_54a49/fast 
/usr/bin/make -f CMakeFiles/cmTC_54a49.dir/build.make CMakeFiles/cmTC_54a49.dir/build
make[1]: Entering directory '/home/chrisliu/ROS/vrep_ws/src/vrep_pkg/cmake-build-debug/CMakeFiles/CMakeTmp'
Building C object CMakeFiles/cmTC_54a49.dir/CheckFunctionExists.c.o
/usr/bin/cc   -DCHECK_FUNCTION_EXISTS=pthread_create   -o CMakeFiles/cmTC_54a49.dir/CheckFunctionExists.c.o   -c /home/chrisliu/software/clion-2019.2.1/bin/cmake/linux/share/cmake-3.14/Modules/CheckFunctionExists.c
Linking C executable cmTC_54a49
/home/chrisliu/software/clion-2019.2.1/bin/cmake/linux/bin/cmake -E cmake_link_script CMakeFiles/cmTC_54a49.dir/link.txt --verbose=1
/usr/bin/cc  -DCHECK_FUNCTION_EXISTS=pthread_create    -rdynamic CMakeFiles/cmTC_54a49.dir/CheckFunctionExists.c.o  -o cmTC_54a49 -lpthreads 
/usr/bin/ld: 找不到 -lpthreads
collect2: error: ld returned 1 exit status
CMakeFiles/cmTC_54a49.dir/build.make:86: recipe for target 'cmTC_54a49' failed
make[1]: *** [cmTC_54a49] Error 1
make[1]: Leaving directory '/home/chrisliu/ROS/vrep_ws/src/vrep_pkg/cmake-build-debug/CMakeFiles/CMakeTmp'
Makefile:121: recipe for target 'cmTC_54a49/fast' failed
make: *** [cmTC_54a49/fast] Error 2


Performing C SOURCE FILE Test CMAKE_HAVE_LIBC_PTHREAD failed with the following output:
Change Dir: /home/chrisliu/ROS/vrep_ws/src/vrep_pkg/cmake-build-debug/CMakeFiles/CMakeTmp

Run Build Command(s):/usr/bin/make cmTC_fd0fa/fast && /usr/bin/make -f CMakeFiles/cmTC_fd0fa.dir/build.make CMakeFiles/cmTC_fd0fa.dir/build
make[1]: Entering directory '/home/chrisliu/ROS/vrep_ws/src/vrep_pkg/cmake-build-debug/CMakeFiles/CMakeTmp'
Building C object CMakeFiles/cmTC_fd0fa.dir/src.c.o
/usr/bin/cc   -DCMAKE_HAVE_LIBC_PTHREAD   -o CMakeFiles/cmTC_fd0fa.dir/src.c.o   -c /home/chrisliu/ROS/vrep_ws/src/vrep_pkg/cmake-build-debug/CMakeFiles/CMakeTmp/src.c
Linking C executable cmTC_fd0fa
/home/chrisliu/software/clion-2019.2.1/bin/cmake/linux/bin/cmake -E cmake_link_script CMakeFiles/cmTC_fd0fa.dir/link.txt --verbose=1
/usr/bin/cc  -DCMAKE_HAVE_LIBC_PTHREAD    -rdynamic CMakeFiles/cmTC_fd0fa.dir/src.c.o  -o cmTC_fd0fa 
CMakeFiles/cmTC_fd0fa.dir/src.c.o：在函数‘main’中：
src.c:(.text+0x3c)：对‘pthread_create’未定义的引用
src.c:(.text+0x48)：对‘pthread_detach’未定义的引用
src.c:(.text+0x59)：对‘pthread_join’未定义的引用
src.c:(.text+0x6d)：对‘pthread_atfork’未定义的引用
collect2: error: ld returned 1 exit status
CMakeFiles/cmTC_fd0fa.dir/build.make:86: recipe for target 'cmTC_fd0fa' failed
make[1]: *** [cmTC_fd0fa] Error 1
make[1]: Leaving directory '/home/chrisliu/ROS/vrep_ws/src/vrep_pkg/cmake-build-debug/CMakeFiles/CMakeTmp'
Makefile:121: recipe for target 'cmTC_fd0fa/fast' failed
make: *** [cmTC_fd0fa/fast] Error 2


Source file was:
#include <pthread.h>

void* test_func(void* data)
{
  return data;
}

int main(void)
{
  pthread_t thread;
  pthread_create(&thread, NULL, test_func, NULL);
  pthread_detach(thread);
  pthread_join(thread, NULL);
  pthread_atfork(NULL, NULL, NULL);
  pthread_exit(NULL);

  return 0;
}

